# JRE version: Java(TM) SE Runtime Environment (8.0_181-b13) (build 1.8.0_181-b13)
# Java VM: Java HotSpot(TM) 64-Bit Server VM (25.181-b13 mixed mode windows-amd64 compressed oops)
Heap:
 PSYoungGen      total 17920K, used 9425K [0x00000000eb380000, 0x00000000ecc00000, 0x0000000100000000)
  eden space 10752K, 87% used [0x00000000eb380000,0x00000000ebca4680,0x00000000ebe00000)
  from space 7168K, 0% used [0x00000000ebe00000,0x00000000ebe10000,0x00000000ec500000)
  to   space 7168K, 0% used [0x00000000ec500000,0x00000000ec500000,0x00000000ecc00000)
 ParOldGen       total 44032K, used 8474K [0x00000000c1a00000, 0x00000000c4500000, 0x00000000eb380000)
  object space 44032K, 19% used [0x00000000c1a00000,0x00000000c2246920,0x00000000c4500000)
 Metaspace       used 18560K, capacity 18798K, committed 19328K, reserved 1067008K
  class space    used 2013K, capacity 2086K, committed 2176K, reserved 1048576K
GC Heap History (10 events):
Event: 5562.366 GC heap before
{Heap before GC invocations=8 (full 1):
 PSYoungGen      total 13312K, used 10992K [0x00000000eb380000, 0x00000000ed380000, 0x0000000100000000)
  eden space 10752K, 100% used [0x00000000eb380000,0x00000000ebe00000,0x00000000ebe00000)
  from space 2560K, 9% used [0x00000000ec600000,0x00000000ec63c010,0x00000000ec880000)
  to   space 8192K, 0% used [0x00000000ebe00000,0x00000000ebe00000,0x00000000ec600000)
 ParOldGen       total 44032K, used 8028K [0x00000000c1a00000, 0x00000000c4500000, 0x00000000eb380000)
  object space 44032K, 18% used [0x00000000c1a00000,0x00000000c21d73f8,0x00000000c4500000)
 Metaspace       used 18501K, capacity 18734K, committed 19072K, reserved 1067008K
  class space    used 2013K, capacity 2086K, committed 2176K, reserved 1048576K
Event: 5562.371 GC heap after
Heap after GC invocations=8 (full 1):
 PSYoungGen      total 11776K, used 528K [0x00000000eb380000, 0x00000000ecd00000, 0x0000000100000000)
  eden space 10752K, 0% used [0x00000000eb380000,0x00000000eb380000,0x00000000ebe00000)
  from space 1024K, 51% used [0x00000000ebe00000,0x00000000ebe84070,0x00000000ebf00000)
  to   space 7680K, 0% used [0x00000000ec580000,0x00000000ec580000,0x00000000ecd00000)
 ParOldGen       total 44032K, used 8036K [0x00000000c1a00000, 0x00000000c4500000, 0x00000000eb380000)
  object space 44032K, 18% used [0x00000000c1a00000,0x00000000c21d93f8,0x00000000c4500000)
 Metaspace       used 18501K, capacity 18734K, committed 19072K, reserved 1067008K
  class space    used 2013K, capacity 2086K, committed 2176K, reserved 1048576K
}
Event: 6351.521 GC heap before
{Heap before GC invocations=9 (full 1):
 PSYoungGen      total 11776K, used 11280K [0x00000000eb380000, 0x00000000ecd00000, 0x0000000100000000)
  eden space 10752K, 100% used [0x00000000eb380000,0x00000000ebe00000,0x00000000ebe00000)
  from space 1024K, 51% used [0x00000000ebe00000,0x00000000ebe84070,0x00000000ebf00000)
  to   space 7680K, 0% used [0x00000000ec580000,0x00000000ec580000,0x00000000ecd00000)
 ParOldGen       total 44032K, used 8036K [0x00000000c1a00000, 0x00000000c4500000, 0x00000000eb380000)
  object space 44032K, 18% used [0x00000000c1a00000,0x00000000c21d93f8,0x00000000c4500000)
 Metaspace       used 18501K, capacity 18734K, committed 19072K, reserved 1067008K
  class space    used 2013K, capacity 2086K, committed 2176K, reserved 1048576K
Event: 6351.557 GC heap after
Heap after GC invocations=9 (full 1):
 PSYoungGen      total 18432K, used 352K [0x00000000eb380000, 0x00000000ecd00000, 0x0000000100000000)
  eden space 10752K, 0% used [0x00000000eb380000,0x00000000eb380000,0x00000000ebe00000)
  from space 7680K, 4% used [0x00000000ec580000,0x00000000ec5d8040,0x00000000ecd00000)
  to   space 7680K, 0% used [0x00000000ebe00000,0x00000000ebe00000,0x00000000ec580000)
 ParOldGen       total 44032K, used 8044K [0x00000000c1a00000, 0x00000000c4500000, 0x00000000eb380000)
  object space 44032K, 18% used [0x00000000c1a00000,0x00000000c21db3f8,0x00000000c4500000)
 Metaspace       used 18501K, capacity 18734K, committed 19072K, reserved 1067008K
  class space    used 2013K, capacity 2086K, committed 2176K, reserved 1048576K
}
Event: 7185.602 GC heap before
{Heap before GC invocations=10 (full 1):
 PSYoungGen      total 18432K, used 11104K [0x00000000eb380000, 0x00000000ecd00000, 0x0000000100000000)
  eden space 10752K, 100% used [0x00000000eb380000,0x00000000ebe00000,0x00000000ebe00000)
  from space 7680K, 4% used [0x00000000ec580000,0x00000000ec5d8040,0x00000000ecd00000)
  to   space 7680K, 0% used [0x00000000ebe00000,0x00000000ebe00000,0x00000000ec580000)
 ParOldGen       total 44032K, used 8044K [0x00000000c1a00000, 0x00000000c4500000, 0x00000000eb380000)
  object space 44032K, 18% used [0x00000000c1a00000,0x00000000c21db3f8,0x00000000c4500000)
 Metaspace       used 18544K, capacity 18798K, committed 19328K, reserved 1067008K
  class space    used 2013K, capacity 2086K, committed 2176K, reserved 1048576K
Event: 7185.628 GC heap after
Heap after GC invocations=10 (full 1):
 PSYoungGen      total 11776K, used 544K [0x00000000eb380000, 0x00000000ecc00000, 0x0000000100000000)
  eden space 10752K, 0% used [0x00000000eb380000,0x00000000eb380000,0x00000000ebe00000)
  from space 1024K, 53% used [0x00000000ebe00000,0x00000000ebe88080,0x00000000ebf00000)
  to   space 7168K, 0% used [0x00000000ec500000,0x00000000ec500000,0x00000000ecc00000)
 ParOldGen       total 44032K, used 8257K [0x00000000c1a00000, 0x00000000c4500000, 0x00000000eb380000)
  object space 44032K, 18% used [0x00000000c1a00000,0x00000000c22105b0,0x00000000c4500000)
 Metaspace       used 18544K, capacity 18798K, committed 19328K, reserved 1067008K
  class space    used 2013K, capacity 2086K, committed 2176K, reserved 1048576K
}
Event: 8658.188 GC heap before
{Heap before GC invocations=11 (full 1):
 PSYoungGen      total 11776K, used 11296K [0x00000000eb380000, 0x00000000ecc00000, 0x0000000100000000)
  eden space 10752K, 100% used [0x00000000eb380000,0x00000000ebe00000,0x00000000ebe00000)
  from space 1024K, 53% used [0x00000000ebe00000,0x00000000ebe88080,0x00000000ebf00000)
  to   space 7168K, 0% used [0x00000000ec500000,0x00000000ec500000,0x00000000ecc00000)
 ParOldGen       total 44032K, used 8257K [0x00000000c1a00000, 0x00000000c4500000, 0x00000000eb380000)
  object space 44032K, 18% used [0x00000000c1a00000,0x00000000c22105b0,0x00000000c4500000)
 Metaspace       used 18544K, capacity 18798K, committed 19328K, reserved 1067008K
  class space    used 2013K, capacity 2086K, committed 2176K, reserved 1048576K
Event: 8658.299 GC heap after
Heap after GC invocations=11 (full 1):
 PSYoungGen      total 17920K, used 144K [0x00000000eb380000, 0x00000000ecc00000, 0x0000000100000000)
  eden space 10752K, 0% used [0x00000000eb380000,0x00000000eb380000,0x00000000ebe00000)
  from space 7168K, 2% used [0x00000000ec500000,0x00000000ec524010,0x00000000ecc00000)
  to   space 7168K, 0% used [0x00000000ebe00000,0x00000000ebe00000,0x00000000ec500000)
 ParOldGen       total 44032K, used 8365K [0x00000000c1a00000, 0x00000000c4500000, 0x00000000eb380000)
  object space 44032K, 18% used [0x00000000c1a00000,0x00000000c222b768,0x00000000c4500000)
 Metaspace       used 18544K, capacity 18798K, committed 19328K, reserved 1067008K
  class space    used 2013K, capacity 2086K, committed 2176K, reserved 1048576K
}
Event: 10150.434 GC heap before
{Heap before GC invocations=12 (full 1):
 PSYoungGen      total 17920K, used 10896K [0x00000000eb380000, 0x00000000ecc00000, 0x0000000100000000)
  eden space 10752K, 100% used [0x00000000eb380000,0x00000000ebe00000,0x00000000ebe00000)
  from space 7168K, 2% used [0x00000000ec500000,0x00000000ec524010,0x00000000ecc00000)
  to   space 7168K, 0% used [0x00000000ebe00000,0x00000000ebe00000,0x00000000ec500000)
 ParOldGen       total 44032K, used 8365K [0x00000000c1a00000, 0x00000000c4500000, 0x00000000eb380000)
  object space 44032K, 18% used [0x00000000c1a00000,0x00000000c222b768,0x00000000c4500000)
 Metaspace       used 18544K, capacity 18798K, committed 19328K, reserved 1067008K
  class space    used 2013K, capacity 2086K, committed 2176K, reserved 1048576K
Event: 10150.437 GC heap after
Heap after GC invocations=12 (full 1):
 PSYoungGen      total 17920K, used 64K [0x00000000eb380000, 0x00000000ecc00000, 0x0000000100000000)
  eden space 10752K, 0% used [0x00000000eb380000,0x00000000eb380000,0x00000000ebe00000)
  from space 7168K, 0% used [0x00000000ebe00000,0x00000000ebe10000,0x00000000ec500000)
  to   space 7168K, 0% used [0x00000000ec500000,0x00000000ec500000,0x00000000ecc00000)
 ParOldGen       total 44032K, used 8474K [0x00000000c1a00000, 0x00000000c4500000, 0x00000000eb380000)
  object space 44032K, 19% used [0x00000000c1a00000,0x00000000c2246920,0x00000000c4500000)
 Metaspace       used 18544K, capacity 18798K, committed 19328K, reserved 1067008K
  class space    used 2013K, capacity 2086K, committed 2176K, reserved 1048576K
}

